# JRE version: OpenJDK Runtime Environment (15.0+36) (build 15+36-1562)
# Java VM: OpenJDK 64-Bit Server VM (15+36-1562, mixed mode, tiered, compressed oops, g1 gc, windows-amd64)
GC Precious Log:
 CPUs: 4 total, 4 available
 Memory: 3979M
 Large Page Support: Disabled
 NUMA Support: Disabled
 Compressed Oops: Enabled (32-bit)
 Heap Region Size: 1M
 Heap Min Capacity: 8M
 Heap Initial Capacity: 64M
 Heap Max Capacity: 996M
 Pre-touch: Disabled
 Parallel Workers: 4
 Concurrent Workers: 1
 Concurrent Refinement Workers: 4
 Periodic GC: Disabled
Heap:
 garbage-first heap   total 71680K, used 49693K [0x00000000c1c00000, 0x0000000100000000)
  region size 1024K, 24 young (24576K), 3 survivors (3072K)
 Metaspace       used 78878K, capacity 79513K, committed 79744K, reserved 1118208K
  class space    used 9801K, capacity 10022K, committed 10112K, reserved 1048576K
GC Heap History (20 events):
Event: 402.524 GC heap before
{Heap before GC invocations=57 (full 1):
 garbage-first heap   total 71680K, used 58228K [0x00000000c1c00000, 0x0000000100000000)
  region size 1024K, 33 young (33792K), 3 survivors (3072K)
 Metaspace       used 78165K, capacity 78803K, committed 78976K, reserved 1118208K
  class space    used 9777K, capacity 10004K, committed 10112K, reserved 1048576K
}
Event: 402.527 GC heap after
{Heap after GC invocations=58 (full 1):
 garbage-first heap   total 71680K, used 27509K [0x00000000c1c00000, 0x0000000100000000)
  region size 1024K, 3 young (3072K), 3 survivors (3072K)
 Metaspace       used 78165K, capacity 78803K, committed 78976K, reserved 1118208K
  class space    used 9777K, capacity 10004K, committed 10112K, reserved 1048576K
}
Event: 402.734 GC heap before
{Heap before GC invocations=58 (full 1):
 garbage-first heap   total 71680K, used 58229K [0x00000000c1c00000, 0x0000000100000000)
  region size 1024K, 33 young (33792K), 3 survivors (3072K)
 Metaspace       used 78165K, capacity 78803K, committed 78976K, reserved 1118208K
  class space    used 9777K, capacity 10004K, committed 10112K, reserved 1048576K
}
Event: 402.737 GC heap after
{Heap after GC invocations=59 (full 1):
 garbage-first heap   total 71680K, used 27508K [0x00000000c1c00000, 0x0000000100000000)
  region size 1024K, 3 young (3072K), 3 survivors (3072K)
 Metaspace       used 78165K, capacity 78803K, committed 78976K, reserved 1118208K
  class space    used 9777K, capacity 10004K, committed 10112K, reserved 1048576K
}
Event: 402.880 GC heap before
{Heap before GC invocations=59 (full 1):
 garbage-first heap   total 71680K, used 58228K [0x00000000c1c00000, 0x0000000100000000)
  region size 1024K, 33 young (33792K), 3 survivors (3072K)
 Metaspace       used 78165K, capacity 78803K, committed 78976K, reserved 1118208K
  class space    used 9777K, capacity 10004K, committed 10112K, reserved 1048576K
}
Event: 402.882 GC heap after
{Heap after GC invocations=60 (full 1):
 garbage-first heap   total 71680K, used 27436K [0x00000000c1c00000, 0x0000000100000000)
  region size 1024K, 2 young (2048K), 2 survivors (2048K)
 Metaspace       used 78165K, capacity 78803K, committed 78976K, reserved 1118208K
  class space    used 9777K, capacity 10004K, committed 10112K, reserved 1048576K
}
Event: 403.030 GC heap before
{Heap before GC invocations=60 (full 1):
 garbage-first heap   total 71680K, used 60204K [0x00000000c1c00000, 0x0000000100000000)
  region size 1024K, 34 young (34816K), 2 survivors (2048K)
 Metaspace       used 78165K, capacity 78803K, committed 78976K, reserved 1118208K
  class space    used 9777K, capacity 10004K, committed 10112K, reserved 1048576K
}
Event: 403.033 GC heap after
{Heap after GC invocations=61 (full 1):
 garbage-first heap   total 71680K, used 27436K [0x00000000c1c00000, 0x0000000100000000)
  region size 1024K, 2 young (2048K), 2 survivors (2048K)
 Metaspace       used 78165K, capacity 78803K, committed 78976K, reserved 1118208K
  class space    used 9777K, capacity 10004K, committed 10112K, reserved 1048576K
}
Event: 403.123 GC heap before
{Heap before GC invocations=61 (full 1):
 garbage-first heap   total 71680K, used 60204K [0x00000000c1c00000, 0x0000000100000000)
  region size 1024K, 34 young (34816K), 2 survivors (2048K)
 Metaspace       used 78165K, capacity 78803K, committed 78976K, reserved 1118208K
  class space    used 9777K, capacity 10004K, committed 10112K, reserved 1048576K
}
Event: 403.126 GC heap after
{Heap after GC invocations=62 (full 1):
 garbage-first heap   total 71680K, used 27413K [0x00000000c1c00000, 0x0000000100000000)
  region size 1024K, 2 young (2048K), 2 survivors (2048K)
 Metaspace       used 78165K, capacity 78803K, committed 78976K, reserved 1118208K
  class space    used 9777K, capacity 10004K, committed 10112K, reserved 1048576K
}
Event: 406.197 GC heap before
{Heap before GC invocations=62 (full 1):
 garbage-first heap   total 71680K, used 60181K [0x00000000c1c00000, 0x0000000100000000)
  region size 1024K, 34 young (34816K), 2 survivors (2048K)
 Metaspace       used 78168K, capacity 78803K, committed 78976K, reserved 1118208K
  class space    used 9777K, capacity 10004K, committed 10112K, reserved 1048576K
}
Event: 406.200 GC heap after
{Heap after GC invocations=63 (full 1):
 garbage-first heap   total 71680K, used 27434K [0x00000000c1c00000, 0x0000000100000000)
  region size 1024K, 2 young (2048K), 2 survivors (2048K)
 Metaspace       used 78168K, capacity 78803K, committed 78976K, reserved 1118208K
  class space    used 9777K, capacity 10004K, committed 10112K, reserved 1048576K
}
Event: 410.830 GC heap before
{Heap before GC invocations=63 (full 1):
 garbage-first heap   total 71680K, used 60202K [0x00000000c1c00000, 0x0000000100000000)
  region size 1024K, 34 young (34816K), 2 survivors (2048K)
 Metaspace       used 78168K, capacity 78803K, committed 78976K, reserved 1118208K
  class space    used 9777K, capacity 10004K, committed 10112K, reserved 1048576K
}
Event: 410.838 GC heap after
{Heap after GC invocations=64 (full 1):
 garbage-first heap   total 71680K, used 27436K [0x00000000c1c00000, 0x0000000100000000)
  region size 1024K, 2 young (2048K), 2 survivors (2048K)
 Metaspace       used 78168K, capacity 78803K, committed 78976K, reserved 1118208K
  class space    used 9777K, capacity 10004K, committed 10112K, reserved 1048576K
}
Event: 412.447 GC heap before
{Heap before GC invocations=64 (full 1):
 garbage-first heap   total 71680K, used 60204K [0x00000000c1c00000, 0x0000000100000000)
  region size 1024K, 34 young (34816K), 2 survivors (2048K)
 Metaspace       used 78171K, capacity 78803K, committed 78976K, reserved 1118208K
  class space    used 9777K, capacity 10004K, committed 10112K, reserved 1048576K
}
Event: 412.451 GC heap after
{Heap after GC invocations=65 (full 1):
 garbage-first heap   total 71680K, used 27796K [0x00000000c1c00000, 0x0000000100000000)
  region size 1024K, 3 young (3072K), 3 survivors (3072K)
 Metaspace       used 78171K, capacity 78803K, committed 78976K, reserved 1118208K
  class space    used 9777K, capacity 10004K, committed 10112K, reserved 1048576K
}
Event: 412.570 GC heap before
{Heap before GC invocations=65 (full 1):
 garbage-first heap   total 71680K, used 58516K [0x00000000c1c00000, 0x0000000100000000)
  region size 1024K, 33 young (33792K), 3 survivors (3072K)
 Metaspace       used 78172K, capacity 78803K, committed 78976K, reserved 1118208K
  class space    used 9777K, capacity 10004K, committed 10112K, reserved 1048576K
}
Event: 412.574 GC heap after
{Heap after GC invocations=66 (full 1):
 garbage-first heap   total 71680K, used 27889K [0x00000000c1c00000, 0x0000000100000000)
  region size 1024K, 2 young (2048K), 2 survivors (2048K)
 Metaspace       used 78172K, capacity 78803K, committed 78976K, reserved 1118208K
  class space    used 9777K, capacity 10004K, committed 10112K, reserved 1048576K
}
Event: 413.108 GC heap before
{Heap before GC invocations=66 (full 1):
 garbage-first heap   total 71680K, used 59633K [0x00000000c1c00000, 0x0000000100000000)
  region size 1024K, 33 young (33792K), 2 survivors (2048K)
 Metaspace       used 78680K, capacity 79318K, committed 79488K, reserved 1118208K
  class space    used 9793K, capacity 10021K, committed 10112K, reserved 1048576K
}
Event: 413.112 GC heap after
{Heap after GC invocations=67 (full 1):
 garbage-first heap   total 71680K, used 29213K [0x00000000c1c00000, 0x0000000100000000)
  region size 1024K, 3 young (3072K), 3 survivors (3072K)
 Metaspace       used 78680K, capacity 79318K, committed 79488K, reserved 1118208K
  class space    used 9793K, capacity 10021K, committed 10112K, reserved 1048576K
}

