# JRE version: OpenJDK Runtime Environment (15.0+36) (build 15+36-1562)
# Java VM: OpenJDK 64-Bit Server VM (15+36-1562, mixed mode, tiered, compressed oops, g1 gc, windows-amd64)
GC Precious Log:
 CPUs: 4 total, 4 available
 Memory: 3979M
 Large Page Support: Disabled
 NUMA Support: Disabled
 Compressed Oops: Enabled (32-bit)
 Heap Region Size: 1M
 Heap Min Capacity: 8M
 Heap Initial Capacity: 64M
 Heap Max Capacity: 996M
 Pre-touch: Disabled
 Parallel Workers: 4
 Concurrent Workers: 1
 Concurrent Refinement Workers: 4
 Periodic GC: Disabled
Heap:
 garbage-first heap   total 54272K, used 28597K [0x00000000c1c00000, 0x0000000100000000)
  region size 1024K, 7 young (7168K), 3 survivors (3072K)
 Metaspace       used 63675K, capacity 64195K, committed 64380K, reserved 1105920K
  class space    used 7814K, capacity 7975K, committed 8060K, reserved 1048576K
GC Heap History (20 events):
Event: 63.992 GC heap before
{Heap before GC invocations=30 (full 0):
 garbage-first heap   total 54272K, used 42375K [0x00000000c1c00000, 0x0000000100000000)
  region size 1024K, 27 young (27648K), 3 survivors (3072K)
 Metaspace       used 42804K, capacity 43226K, committed 43388K, reserved 1087488K
  class space    used 4813K, capacity 4950K, committed 4988K, reserved 1048576K
}
Event: 63.995 GC heap after
{Heap after GC invocations=31 (full 0):
 garbage-first heap   total 54272K, used 17868K [0x00000000c1c00000, 0x0000000100000000)
  region size 1024K, 3 young (3072K), 3 survivors (3072K)
 Metaspace       used 42804K, capacity 43226K, committed 43388K, reserved 1087488K
  class space    used 4813K, capacity 4950K, committed 4988K, reserved 1048576K
}
Event: 64.056 GC heap before
{Heap before GC invocations=31 (full 0):
 garbage-first heap   total 54272K, used 42444K [0x00000000c1c00000, 0x0000000100000000)
  region size 1024K, 27 young (27648K), 3 survivors (3072K)
 Metaspace       used 42804K, capacity 43226K, committed 43388K, reserved 1087488K
  class space    used 4813K, capacity 4950K, committed 4988K, reserved 1048576K
}
Event: 64.060 GC heap after
{Heap after GC invocations=32 (full 0):
 garbage-first heap   total 54272K, used 17732K [0x00000000c1c00000, 0x0000000100000000)
  region size 1024K, 2 young (2048K), 2 survivors (2048K)
 Metaspace       used 42804K, capacity 43226K, committed 43388K, reserved 1087488K
  class space    used 4813K, capacity 4950K, committed 4988K, reserved 1048576K
}
Event: 69.135 GC heap before
{Heap before GC invocations=32 (full 0):
 garbage-first heap   total 54272K, used 44356K [0x00000000c1c00000, 0x0000000100000000)
  region size 1024K, 28 young (28672K), 2 survivors (2048K)
 Metaspace       used 44168K, capacity 44602K, committed 44924K, reserved 1089536K
  class space    used 5013K, capacity 5174K, committed 5244K, reserved 1048576K
}
Event: 69.139 GC heap after
{Heap after GC invocations=33 (full 0):
 garbage-first heap   total 54272K, used 17890K [0x00000000c1c00000, 0x0000000100000000)
  region size 1024K, 2 young (2048K), 2 survivors (2048K)
 Metaspace       used 44168K, capacity 44602K, committed 44924K, reserved 1089536K
  class space    used 5013K, capacity 5174K, committed 5244K, reserved 1048576K
}
Event: 70.926 GC heap before
{Heap before GC invocations=33 (full 0):
 garbage-first heap   total 54272K, used 44514K [0x00000000c1c00000, 0x0000000100000000)
  region size 1024K, 28 young (28672K), 2 survivors (2048K)
 Metaspace       used 45296K, capacity 45728K, committed 45820K, reserved 1089536K
  class space    used 5199K, capacity 5335K, committed 5372K, reserved 1048576K
}
Event: 70.929 GC heap after
{Heap after GC invocations=34 (full 0):
 garbage-first heap   total 54272K, used 18049K [0x00000000c1c00000, 0x0000000100000000)
  region size 1024K, 2 young (2048K), 2 survivors (2048K)
 Metaspace       used 45296K, capacity 45728K, committed 45820K, reserved 1089536K
  class space    used 5199K, capacity 5335K, committed 5372K, reserved 1048576K
}
Event: 71.850 GC heap before
{Heap before GC invocations=34 (full 0):
 garbage-first heap   total 54272K, used 44673K [0x00000000c1c00000, 0x0000000100000000)
  region size 1024K, 28 young (28672K), 2 survivors (2048K)
 Metaspace       used 46270K, capacity 46720K, committed 47100K, reserved 1091584K
  class space    used 5344K, capacity 5495K, committed 5628K, reserved 1048576K
}
Event: 71.859 GC heap after
{Heap after GC invocations=35 (full 0):
 garbage-first heap   total 54272K, used 18430K [0x00000000c1c00000, 0x0000000100000000)
  region size 1024K, 1 young (1024K), 1 survivors (1024K)
 Metaspace       used 46270K, capacity 46720K, committed 47100K, reserved 1091584K
  class space    used 5344K, capacity 5495K, committed 5628K, reserved 1048576K
}
Event: 74.847 GC heap before
{Heap before GC invocations=35 (full 0):
 garbage-first heap   total 54272K, used 46078K [0x00000000c1c00000, 0x0000000100000000)
  region size 1024K, 28 young (28672K), 1 survivors (1024K)
 Metaspace       used 47598K, capacity 48096K, committed 48252K, reserved 1091584K
  class space    used 5563K, capacity 5719K, committed 5756K, reserved 1048576K
}
Event: 74.850 GC heap after
{Heap after GC invocations=36 (full 0):
 garbage-first heap   total 54272K, used 18862K [0x00000000c1c00000, 0x0000000100000000)
  region size 1024K, 1 young (1024K), 1 survivors (1024K)
 Metaspace       used 47598K, capacity 48096K, committed 48252K, reserved 1091584K
  class space    used 5563K, capacity 5719K, committed 5756K, reserved 1048576K
}
Event: 75.508 GC heap before
{Heap before GC invocations=36 (full 0):
 garbage-first heap   total 54272K, used 45486K [0x00000000c1c00000, 0x0000000100000000)
  region size 1024K, 27 young (27648K), 1 survivors (1024K)
 Metaspace       used 48977K, capacity 49472K, committed 49788K, reserved 1093632K
  class space    used 5786K, capacity 5943K, committed 6012K, reserved 1048576K
}
Event: 75.510 GC heap after
{Heap after GC invocations=37 (full 0):
 garbage-first heap   total 54272K, used 19273K [0x00000000c1c00000, 0x0000000100000000)
  region size 1024K, 2 young (2048K), 2 survivors (2048K)
 Metaspace       used 48977K, capacity 49472K, committed 49788K, reserved 1093632K
  class space    used 5786K, capacity 5943K, committed 6012K, reserved 1048576K
}
Event: 79.022 GC heap before
{Heap before GC invocations=37 (full 0):
 garbage-first heap   total 54272K, used 42825K [0x00000000c1c00000, 0x0000000100000000)
  region size 1024K, 26 young (26624K), 2 survivors (2048K)
 Metaspace       used 51644K, capacity 52121K, committed 52476K, reserved 1095680K
  class space    used 6097K, capacity 6266K, committed 6396K, reserved 1048576K
}
Event: 79.026 GC heap after
{Heap after GC invocations=38 (full 0):
 garbage-first heap   total 54272K, used 19835K [0x00000000c1c00000, 0x0000000100000000)
  region size 1024K, 2 young (2048K), 2 survivors (2048K)
 Metaspace       used 51644K, capacity 52121K, committed 52476K, reserved 1095680K
  class space    used 6097K, capacity 6266K, committed 6396K, reserved 1048576K
}
Event: 98.025 GC heap before
{Heap before GC invocations=38 (full 0):
 garbage-first heap   total 54272K, used 43387K [0x00000000c1c00000, 0x0000000100000000)
  region size 1024K, 26 young (26624K), 2 survivors (2048K)
 Metaspace       used 55503K, capacity 55907K, committed 56188K, reserved 1099776K
  class space    used 6492K, capacity 6652K, committed 6780K, reserved 1048576K
}
Event: 98.034 GC heap after
{Heap after GC invocations=39 (full 0):
 garbage-first heap   total 54272K, used 22609K [0x00000000c1c00000, 0x0000000100000000)
  region size 1024K, 4 young (4096K), 4 survivors (4096K)
 Metaspace       used 55503K, capacity 55907K, committed 56188K, reserved 1099776K
  class space    used 6492K, capacity 6652K, committed 6780K, reserved 1048576K
}
Event: 111.182 GC heap before
{Heap before GC invocations=39 (full 0):
 garbage-first heap   total 54272K, used 42065K [0x00000000c1c00000, 0x0000000100000000)
  region size 1024K, 24 young (24576K), 4 survivors (4096K)
 Metaspace       used 59165K, capacity 59635K, committed 59772K, reserved 1101824K
  class space    used 7032K, capacity 7204K, committed 7292K, reserved 1048576K
}
Event: 111.192 GC heap after
{Heap after GC invocations=40 (full 0):
 garbage-first heap   total 54272K, used 23973K [0x00000000c1c00000, 0x0000000100000000)
  region size 1024K, 2 young (2048K), 2 survivors (2048K)
 Metaspace       used 59165K, capacity 59635K, committed 59772K, reserved 1101824K
  class space    used 7032K, capacity 7204K, committed 7292K, reserved 1048576K
}

