# JRE version: OpenJDK Runtime Environment (15.0+36) (build 15+36-1562)
# Java VM: OpenJDK 64-Bit Server VM (15+36-1562, mixed mode, tiered, compressed oops, g1 gc, windows-amd64)
GC Precious Log:
 CPUs: 4 total, 4 available
 Memory: 3979M
 Large Page Support: Disabled
 NUMA Support: Disabled
 Compressed Oops: Enabled (32-bit)
 Heap Region Size: 1M
 Heap Min Capacity: 8M
 Heap Initial Capacity: 64M
 Heap Max Capacity: 996M
 Pre-touch: Disabled
 Parallel Workers: 4
 Concurrent Workers: 1
 Concurrent Refinement Workers: 4
 Periodic GC: Disabled
Heap:
 garbage-first heap   total 79872K, used 54629K [0x00000000c1c00000, 0x0000000100000000)
  region size 1024K, 29 young (29696K), 3 survivors (3072K)
 Metaspace       used 77583K, capacity 78135K, committed 78208K, reserved 1118208K
  class space    used 9710K, capacity 9889K, committed 9932K, reserved 1048576K
GC Heap History (20 events):
Event: 15.286 GC heap before
{Heap before GC invocations=30 (full 0):
 garbage-first heap   total 55296K, used 44298K [0x00000000c1c00000, 0x0000000100000000)
  region size 1024K, 29 young (29696K), 3 survivors (3072K)
 Metaspace       used 43106K, capacity 43514K, committed 43724K, reserved 1087488K
  class space    used 4848K, capacity 4982K, committed 5068K, reserved 1048576K
}
Event: 15.290 GC heap after
{Heap after GC invocations=31 (full 0):
 garbage-first heap   total 55296K, used 17743K [0x00000000c1c00000, 0x0000000100000000)
  region size 1024K, 3 young (3072K), 3 survivors (3072K)
 Metaspace       used 43106K, capacity 43514K, committed 43724K, reserved 1087488K
  class space    used 4848K, capacity 4982K, committed 5068K, reserved 1048576K
}
Event: 15.598 GC heap before
{Heap before GC invocations=31 (full 0):
 garbage-first heap   total 55296K, used 44367K [0x00000000c1c00000, 0x0000000100000000)
  region size 1024K, 29 young (29696K), 3 survivors (3072K)
 Metaspace       used 44483K, capacity 44890K, committed 45260K, reserved 1089536K
  class space    used 5066K, capacity 5206K, committed 5324K, reserved 1048576K
}
Event: 15.601 GC heap after
{Heap after GC invocations=32 (full 0):
 garbage-first heap   total 55296K, used 18048K [0x00000000c1c00000, 0x0000000100000000)
  region size 1024K, 3 young (3072K), 3 survivors (3072K)
 Metaspace       used 44483K, capacity 44890K, committed 45260K, reserved 1089536K
  class space    used 5066K, capacity 5206K, committed 5324K, reserved 1048576K
}
Event: 15.972 GC heap before
{Heap before GC invocations=32 (full 0):
 garbage-first heap   total 55296K, used 44672K [0x00000000c1c00000, 0x0000000100000000)
  region size 1024K, 29 young (29696K), 3 survivors (3072K)
 Metaspace       used 45635K, capacity 46112K, committed 46412K, reserved 1089536K
  class space    used 5239K, capacity 5399K, committed 5452K, reserved 1048576K
}
Event: 15.975 GC heap after
{Heap after GC invocations=33 (full 0):
 garbage-first heap   total 55296K, used 17972K [0x00000000c1c00000, 0x0000000100000000)
  region size 1024K, 3 young (3072K), 3 survivors (3072K)
 Metaspace       used 45635K, capacity 46112K, committed 46412K, reserved 1089536K
  class space    used 5239K, capacity 5399K, committed 5452K, reserved 1048576K
}
Event: 16.244 GC heap before
{Heap before GC invocations=33 (full 0):
 garbage-first heap   total 55296K, used 42548K [0x00000000c1c00000, 0x0000000100000000)
  region size 1024K, 28 young (28672K), 3 survivors (3072K)
 Metaspace       used 46474K, capacity 46944K, committed 47052K, reserved 1091584K
  class space    used 5393K, capacity 5527K, committed 5580K, reserved 1048576K
}
Event: 16.248 GC heap after
{Heap after GC invocations=34 (full 0):
 garbage-first heap   total 66560K, used 18417K [0x00000000c1c00000, 0x0000000100000000)
  region size 1024K, 3 young (3072K), 3 survivors (3072K)
 Metaspace       used 46474K, capacity 46944K, committed 47052K, reserved 1091584K
  class space    used 5393K, capacity 5527K, committed 5580K, reserved 1048576K
}
Event: 16.703 GC heap before
{Heap before GC invocations=34 (full 0):
 garbage-first heap   total 66560K, used 54257K [0x00000000c1c00000, 0x0000000100000000)
  region size 1024K, 38 young (38912K), 3 survivors (3072K)
 Metaspace       used 48323K, capacity 48768K, committed 48844K, reserved 1091584K
  class space    used 5685K, capacity 5815K, committed 5836K, reserved 1048576K
}
Event: 16.707 GC heap after
{Heap after GC invocations=35 (full 0):
 garbage-first heap   total 66560K, used 18837K [0x00000000c1c00000, 0x0000000100000000)
  region size 1024K, 2 young (2048K), 2 survivors (2048K)
 Metaspace       used 48323K, capacity 48768K, committed 48844K, reserved 1091584K
  class space    used 5685K, capacity 5815K, committed 5836K, reserved 1048576K
}
Event: 17.334 GC heap before
{Heap before GC invocations=35 (full 0):
 garbage-first heap   total 66560K, used 55701K [0x00000000c1c00000, 0x0000000100000000)
  region size 1024K, 38 young (38912K), 2 survivors (2048K)
 Metaspace       used 51653K, capacity 52115K, committed 52428K, reserved 1095680K
  class space    used 6097K, capacity 6265K, committed 6348K, reserved 1048576K
}
Event: 17.338 GC heap after
{Heap after GC invocations=36 (full 0):
 garbage-first heap   total 66560K, used 19484K [0x00000000c1c00000, 0x0000000100000000)
  region size 1024K, 2 young (2048K), 2 survivors (2048K)
 Metaspace       used 51653K, capacity 52115K, committed 52428K, reserved 1095680K
  class space    used 6097K, capacity 6265K, committed 6348K, reserved 1048576K
}
Event: 18.801 GC heap before
{Heap before GC invocations=36 (full 0):
 garbage-first heap   total 66560K, used 56348K [0x00000000c1c00000, 0x0000000100000000)
  region size 1024K, 38 young (38912K), 2 survivors (2048K)
 Metaspace       used 57415K, capacity 57875K, committed 58188K, reserved 1099776K
  class space    used 6754K, capacity 6916K, committed 6988K, reserved 1048576K
}
Event: 18.811 GC heap after
{Heap after GC invocations=37 (full 0):
 garbage-first heap   total 66560K, used 23126K [0x00000000c1c00000, 0x0000000100000000)
  region size 1024K, 5 young (5120K), 5 survivors (5120K)
 Metaspace       used 57415K, capacity 57875K, committed 58188K, reserved 1099776K
  class space    used 6754K, capacity 6916K, committed 6988K, reserved 1048576K
}
Event: 19.413 GC heap before
{Heap before GC invocations=37 (full 0):
 garbage-first heap   total 66560K, used 33366K [0x00000000c1c00000, 0x0000000100000000)
  region size 1024K, 16 young (16384K), 5 survivors (5120K)
 Metaspace       used 59653K, capacity 60083K, committed 60288K, reserved 1101824K
  class space    used 7110K, capacity 7268K, committed 7372K, reserved 1048576K
}
Event: 19.423 GC heap after
{Heap after GC invocations=38 (full 0):
 garbage-first heap   total 79872K, used 23908K [0x00000000c1c00000, 0x0000000100000000)
  region size 1024K, 1 young (1024K), 1 survivors (1024K)
 Metaspace       used 59653K, capacity 60083K, committed 60288K, reserved 1101824K
  class space    used 7110K, capacity 7268K, committed 7372K, reserved 1048576K
}
Event: 21.533 GC heap before
{Heap before GC invocations=39 (full 0):
 garbage-first heap   total 79872K, used 62820K [0x00000000c1c00000, 0x0000000100000000)
  region size 1024K, 39 young (39936K), 1 survivors (1024K)
 Metaspace       used 66687K, capacity 67186K, committed 67584K, reserved 1107968K
  class space    used 8222K, capacity 8396K, committed 8524K, reserved 1048576K
}
Event: 21.542 GC heap after
{Heap after GC invocations=40 (full 0):
 garbage-first heap   total 79872K, used 26791K [0x00000000c1c00000, 0x0000000100000000)
  region size 1024K, 4 young (4096K), 4 survivors (4096K)
 Metaspace       used 66687K, capacity 67186K, committed 67584K, reserved 1107968K
  class space    used 8222K, capacity 8396K, committed 8524K, reserved 1048576K
}
Event: 30.757 GC heap before
{Heap before GC invocations=40 (full 0):
 garbage-first heap   total 79872K, used 61607K [0x00000000c1c00000, 0x0000000100000000)
  region size 1024K, 39 young (39936K), 4 survivors (4096K)
 Metaspace       used 74206K, capacity 74731K, committed 75008K, reserved 1114112K
  class space    used 9281K, capacity 9437K, committed 9548K, reserved 1048576K
}
Event: 30.771 GC heap after
{Heap after GC invocations=41 (full 0):
 garbage-first heap   total 79872K, used 29029K [0x00000000c1c00000, 0x0000000100000000)
  region size 1024K, 3 young (3072K), 3 survivors (3072K)
 Metaspace       used 74206K, capacity 74731K, committed 75008K, reserved 1114112K
  class space    used 9281K, capacity 9437K, committed 9548K, reserved 1048576K
}

